<?xml version="1.0" encoding="ISO-8859-1"?>
<!-- Copyright (C) 2009 eXo Platform SAS. This is free software; you can redistribute it and/or modify it under the terms of the GNU Lesser General Public License as published by the Free Software Foundation; either version 2.1 of the License, or (at your option) any later version. This software is distributed in the hope that it will be useful, but WITHOUT ANY WARRANTY; without even the implied warranty of MERCHANTABILITY or FITNESS FOR A PARTICULAR PURPOSE. See the GNU Lesser General Public License for more details. You should have received a copy of the GNU Lesser General Public License along with this software; if not, write to the Free Software Foundation, Inc., 51 Franklin St, Fifth Floor, Boston, MA 02110-1301 USA, or see the FSF site: http://www.fsf.org. -->
<repository-service default-repository="repository">
	<repositories>
		<repository name="repository" system-workspace="collaboration" default-workspace="collaboration">
			<security-domain>gatein-domain</security-domain>
            <access-control>optional</access-control>
			<authentication-policy>org.exoplatform.services.jcr.impl.core.access.JAASAuthenticator</authentication-policy>
			<workspaces>
				<!-- ECM Collaboration -->
				<workspace name="collaboration">
					<!--
                    <container class="org.exoplatform.services.jcr.impl.storage.jdbc.JDBCWorkspaceDataContainer">
                    -->
                    <container class="org.exoplatform.services.jcr.impl.storage.jdbc.optimisation.CQJDBCWorkspaceDataContainer">
						<properties>
							<property name="source-name" value="jdbcexo"/>
							<property name="dialect" value="hsqldb"/>
                            <property name="db-structure-type" value="isolated"/>
                            <property name="update-storage" value="true"/>
							<property name="max-buffer-size" value="200k"/>
							<property name="swap-directory" value="target/temp/swap/collaboration_portal"/>
						</properties>
						<value-storages>
							<value-storage id="collaboration" class="org.exoplatform.services.jcr.impl.storage.value.fs.TreeFileValueStorage">
								<properties>
									<property name="path" value="target/temp/values/collaboration_portal"/>
                           <property name="enabled" value="${gatein.jcr.storage.enabled:true}" />
								</properties>
								<filters>
									<filter property-type="Binary"/>
								</filters>
							</value-storage>
						</value-storages>
					</container>
					<initializer class="org.exoplatform.services.jcr.impl.core.ScratchWorkspaceInitializer">
						<properties>
							<property name="root-nodetype" value="nt:unstructured"/>
							<property name="root-permissions" value="any read;*:/platform/administrators read;*:/platform/administrators add_node;*:/platform/administrators set_property;*:/platform/administrators remove"/>
						</properties>
					</initializer>
                    <cache enabled="true"
                           class="org.exoplatform.services.jcr.impl.dataflow.persistent.infinispan.ISPNCacheWorkspaceStorageCache">
                        <properties>
                            <property name="infinispan-configuration"
                                      value="jcr/infinispan/cache-config.xml"/>
                        </properties>
                    </cache>
                    <query-handler class="org.exoplatform.services.jcr.impl.core.query.lucene.SearchIndex">
                        <properties>
                            <property name="index-dir" value="target/temp/jcrlucenedb/collaboration_portal"/>
                        </properties>
                    </query-handler>
                    <lock-manager class="org.exoplatform.services.jcr.impl.core.lock.infinispan.ISPNCacheableLockManagerImpl">
                        <properties>
                            <property name="time-out" value="15m"/>
                            <property name="infinispan-configuration"
                                      value="jcr/infinispan/lock-config.xml"/>
                        </properties>
                    </lock-manager>
				</workspace>
			</workspaces>
		</repository>
	</repositories>
</repository-service>